<?xml version="1.0" encoding="UTF-8"?>
<testng-results ignored="0" total="1" passed="1" failed="0" skipped="0">
  <reporter-output>
  </reporter-output>
  <suite started-at="2025-03-25T07:24:33 SGT" name="Default suite" finished-at="2025-03-25T07:24:38 SGT" duration-ms="4461">
    <groups>
      <group name="cucumber">
        <method signature="AbstractTestNGCucumberTests.runScenario(io.cucumber.testng.PickleWrapper,io.cucumber.testng.FeatureWrapper)[pri:0, instance:testRunner.TestRunner@37ceb1df]" name="runScenario" class="io.cucumber.testng.AbstractTestNGCucumberTests"/>
      </group> <!-- cucumber -->
    </groups>
    <test started-at="2025-03-25T07:24:33 SGT" name="Default test" finished-at="2025-03-25T07:24:38 SGT" duration-ms="4461">
      <class name="testRunner.TestRunner">
        <test-method is-config="true" signature="setUpClass(org.testng.ITestContext)[pri:0, instance:testRunner.TestRunner@37ceb1df]" started-at="2025-03-25T07:24:33 SGT" name="setUpClass" finished-at="2025-03-25T07:24:34 SGT" duration-ms="393" status="PASS">
          <params>
            <param index="0">
              <value>
                <![CDATA[org.testng.TestRunner@60c8a093]]>
              </value>
            </param>
          </params>
          <reporter-output>
          </reporter-output>
        </test-method> <!-- setUpClass -->
        <test-method signature="runScenario(io.cucumber.testng.PickleWrapper,io.cucumber.testng.FeatureWrapper)[pri:0, instance:testRunner.TestRunner@37ceb1df]" started-at="2025-03-25T07:24:34 SGT" name="runScenario" description="Runs Cucumber Scenarios" data-provider="scenarios" finished-at="2025-03-25T07:24:38 SGT" duration-ms="4028" status="PASS">
          <params>
            <param index="0">
              <value>
                <![CDATA["User is able to sign in using registered account"]]>
              </value>
            </param>
            <param index="1">
              <value>
                <![CDATA["Sign in"]]>
              </value>
            </param>
          </params>
          <reporter-output>
          </reporter-output>
        </test-method> <!-- runScenario -->
        <test-method is-config="true" signature="tearDownClass()[pri:0, instance:testRunner.TestRunner@37ceb1df]" started-at="2025-03-25T07:24:38 SGT" name="tearDownClass" finished-at="2025-03-25T07:24:38 SGT" duration-ms="10" status="PASS">
          <reporter-output>
          </reporter-output>
        </test-method> <!-- tearDownClass -->
      </class> <!-- testRunner.TestRunner -->
    </test> <!-- Default test -->
  </suite> <!-- Default suite -->
</testng-results>
